<testsuites id="" name="" tests="40" failures="0" skipped="0" errors="0" time="3.4630729999999996">
<testsuite name="story-0.1-nextjs-setup.spec.ts" timestamp="2026-03-09T22:53:20.481Z" hostname="chromium" tests="24" failures="0" skipped="0" time="0.304" errors="0">
<testcase name="@p0 Story 0.1: Next.js Project Setup Validation › E0-1.1-001: should have Next.js 15.0.3 in package.json" classname="story-0.1-nextjs-setup.spec.ts" time="0.026">
</testcase>
<testcase name="@p0 Story 0.1: Next.js Project Setup Validation › E0-1.1-002: should have TypeScript 5.x in devDependencies" classname="story-0.1-nextjs-setup.spec.ts" time="0.01">
</testcase>
<testcase name="@p0 Story 0.1: Next.js Project Setup Validation › E0-1.1-003: should have required directory structure" classname="story-0.1-nextjs-setup.spec.ts" time="0.004">
</testcase>
<testcase name="@p0 Story 0.1: Next.js Project Setup Validation › E0-1.2-001: should have Prisma 5.22.0 installed" classname="story-0.1-nextjs-setup.spec.ts" time="0.01">
</testcase>
<testcase name="@p0 Story 0.1: Next.js Project Setup Validation › E0-1.2-002: should have NextAuth 4.24.7 installed" classname="story-0.1-nextjs-setup.spec.ts" time="0.006">
</testcase>
<testcase name="@p0 Story 0.1: Next.js Project Setup Validation › E0-1.2-003: should have Zod 3.23.8 installed" classname="story-0.1-nextjs-setup.spec.ts" time="0.007">
</testcase>
<testcase name="@p0 Story 0.1: Next.js Project Setup Validation › E0-1.2-004: should have React Hook Form 7.51.5 installed" classname="story-0.1-nextjs-setup.spec.ts" time="0.012">
</testcase>
<testcase name="@p0 Story 0.1: Next.js Project Setup Validation › E0-1.2-005: should have TanStack Query 5.x installed" classname="story-0.1-nextjs-setup.spec.ts" time="0.006">
</testcase>
<testcase name="@p0 Story 0.1: Next.js Project Setup Validation › E0-1.2-006: should have Lucide React 0.344.0 installed" classname="story-0.1-nextjs-setup.spec.ts" time="0.005">
</testcase>
<testcase name="@p0 Story 0.1: Next.js Project Setup Validation › E0-1.2-007: should have bcryptjs 2.4.3 installed" classname="story-0.1-nextjs-setup.spec.ts" time="0.008">
</testcase>
<testcase name="@p0 Story 0.1: Next.js Project Setup Validation › E0-1.3-001: should have tailwind.config.js file" classname="story-0.1-nextjs-setup.spec.ts" time="0.002">
</testcase>
<testcase name="@p0 Story 0.1: Next.js Project Setup Validation › E0-1.3-002: should have custom brand colors in tailwind.config.js" classname="story-0.1-nextjs-setup.spec.ts" time="0.111">
</testcase>
<testcase name="@p0 Story 0.1: Next.js Project Setup Validation › E0-1.3-003: should have Inter font scale configured in tailwind.config.js" classname="story-0.1-nextjs-setup.spec.ts" time="0.043">
</testcase>
<testcase name="@p0 Story 0.1: Next.js Project Setup Validation › E0-1.3-004: should have spacing system based on 8px grid" classname="story-0.1-nextjs-setup.spec.ts" time="0.026">
</testcase>
<testcase name="@p0 Story 0.1: Next.js Project Setup Validation › E0-1.4-001: should have shadcn/ui Button component" classname="story-0.1-nextjs-setup.spec.ts" time="0.002">
</testcase>
<testcase name="@p0 Story 0.1: Next.js Project Setup Validation › E0-1.4-002: should have shadcn/ui Card component" classname="story-0.1-nextjs-setup.spec.ts" time="0.003">
</testcase>
<testcase name="@p0 Story 0.1: Next.js Project Setup Validation › E0-1.4-003: should have shadcn/ui Dialog component" classname="story-0.1-nextjs-setup.spec.ts" time="0.002">
</testcase>
<testcase name="@p0 Story 0.1: Next.js Project Setup Validation › E0-1.4-004: should have shadcn/ui Form component" classname="story-0.1-nextjs-setup.spec.ts" time="0.002">
</testcase>
<testcase name="@p0 Story 0.1: Next.js Project Setup Validation › E0-1.4-005: should have shadcn/ui Table component" classname="story-0.1-nextjs-setup.spec.ts" time="0.003">
</testcase>
<testcase name="@p0 Story 0.1: Next.js Project Setup Validation › E0-1.4-006: should have shadcn/ui Toast component" classname="story-0.1-nextjs-setup.spec.ts" time="0.002">
</testcase>
<testcase name="@p0 Story 0.1: Next.js Project Setup Validation › E0-1.4-007: should have @/components/ui path alias configured" classname="story-0.1-nextjs-setup.spec.ts" time="0.006">
</testcase>
<testcase name="@p0 Story 0.1: Next.js Project Setup Validation › E0-1.5-001: should have PostCSS configuration" classname="story-0.1-nextjs-setup.spec.ts" time="0.002">
</testcase>
<testcase name="@p0 Story 0.1: Next.js Project Setup Validation › E0-1.5-002: should have Prisma schema file" classname="story-0.1-nextjs-setup.spec.ts" time="0.002">
</testcase>
<testcase name="@p0 Story 0.1: Next.js Project Setup Validation › E0-1.5-003: should have TypeScript configuration for testing" classname="story-0.1-nextjs-setup.spec.ts" time="0.004">
</testcase>
</testsuite>
<testsuite name="story-0.5-cicd-config.spec.ts" timestamp="2026-03-09T22:53:20.481Z" hostname="chromium" tests="16" failures="0" skipped="0" time="0.154" errors="0">
<testcase name="@p1 Story 0.5: CI/CD Configuration Validation › E0-5.4-001: should have GitHub Actions workflow file" classname="story-0.5-cicd-config.spec.ts" time="0.008">
</testcase>
<testcase name="@p1 Story 0.5: CI/CD Configuration Validation › E0-5.4-002: should have workflow configured for pull requests" classname="story-0.5-cicd-config.spec.ts" time="0.032">
</testcase>
<testcase name="@p1 Story 0.5: CI/CD Configuration Validation › E0-5.4-003: should have workflow configured for main branch pushes" classname="story-0.5-cicd-config.spec.ts" time="0.013">
</testcase>
<testcase name="@p1 Story 0.5: CI/CD Configuration Validation › E0-5.4-004: should have test job in workflow" classname="story-0.5-cicd-config.spec.ts" time="0.014">
</testcase>
<testcase name="@p1 Story 0.5: CI/CD Configuration Validation › E0-5.4-005: should have Vercel project configuration" classname="story-0.5-cicd-config.spec.ts" time="0.003">
</testcase>
<testcase name="@p1 Story 0.5: CI/CD Configuration Validation › E0-5.4-006: should have preview deployment configured" classname="story-0.5-cicd-config.spec.ts" time="0.007">
</testcase>
<testcase name="@p1 Story 0.5: CI/CD Configuration Validation › E0-5.4-007: should have production deployment environment configured" classname="story-0.5-cicd-config.spec.ts" time="0.004">
</testcase>
<testcase name="@p1 Story 0.5: CI/CD Configuration Validation › E0-5.4-008: should have install and build steps in workflow" classname="story-0.5-cicd-config.spec.ts" time="0.009">
</testcase>
<testcase name="@p1 Story 0.5: CI/CD Configuration Validation › E0-5.5-001: should have .env.example file" classname="story-0.5-cicd-config.spec.ts" time="0.003">
</testcase>
<testcase name="@p1 Story 0.5: CI/CD Configuration Validation › E0-5.5-002: should have DATABASE_URL documented in .env.example" classname="story-0.5-cicd-config.spec.ts" time="0.007">
</testcase>
<testcase name="@p1 Story 0.5: CI/CD Configuration Validation › E0-5.5-003: should have NEXTAUTH_SECRET documented in .env.example" classname="story-0.5-cicd-config.spec.ts" time="0.007">
</testcase>
<testcase name="@p1 Story 0.5: CI/CD Configuration Validation › E0-5.5-004: should have NEXTAUTH_URL documented in .env.example" classname="story-0.5-cicd-config.spec.ts" time="0.006">
</testcase>
<testcase name="@p1 Story 0.5: CI/CD Configuration Validation › E0-5.5-005: should have SSE configuration documented in .env.example" classname="story-0.5-cicd-config.spec.ts" time="0.013">
</testcase>
<testcase name="@p1 Story 0.5: CI/CD Configuration Validation › E0-5.5-006: should have all required environment variables documented" classname="story-0.5-cicd-config.spec.ts" time="0.012">
</testcase>
<testcase name="@p1 Story 0.5: CI/CD Configuration Validation › E0-5.5-007: should have environment variable validation at startup" classname="story-0.5-cicd-config.spec.ts" time="0.007">
</testcase>
<testcase name="@p1 Story 0.5: CI/CD Configuration Validation › E0-5.5-008: should have documentation for environment-specific variables" classname="story-0.5-cicd-config.spec.ts" time="0.009">
</testcase>
</testsuite>
</testsuites>